[2016-10-17 19:46:23] snmp_rest_api_logger.INFO: Parameter command is not present in the request [] []
[2016-10-17 19:46:23] snmp_rest_api_logger.INFO: Missing mandatory parameter [] []
[2016-10-17 19:46:48] snmp_rest_api_logger.INFO: Parameter command is not present in the request [] []
[2016-10-17 19:46:48] snmp_rest_api_logger.INFO: Missing mandatory parameter [] []
[2016-10-17 19:49:14] snmp_rest_api_logger.INFO: Parameter command is not present in the request [] []
[2016-10-17 19:49:14] snmp_rest_api_logger.INFO: Missing mandatory parameter [] []
[2016-10-17 19:49:46] snmp_rest_api_logger.INFO: Parameter command is not present in the request [] []
[2016-10-17 19:49:46] snmp_rest_api_logger.INFO: Missing mandatory parameter [] []
[2016-10-17 19:49:48] snmp_rest_api_logger.INFO: Parameter command is not present in the request [] []
[2016-10-17 19:49:48] snmp_rest_api_logger.INFO: Missing mandatory parameter [] []
[2016-10-17 20:06:41] snmp_rest_api_logger.INFO: Parameter version is not present in the request [] []
[2016-10-17 20:06:41] snmp_rest_api_logger.INFO: Missing mandatory parameter [] []
[2016-10-17 20:10:34] snmp_rest_api_logger.INFO: Parameter version is not present in the request [] []
[2016-10-17 20:10:34] snmp_rest_api_logger.INFO: Missing mandatory parameter [] []
[2016-10-17 20:12:37] snmp_rest_api_logger.INFO: Parameter version is not present in the request [] []
[2016-10-17 20:12:37] snmp_rest_api_logger.INFO: Missing mandatory parameter [] []
[2016-10-17 20:12:52] snmp_rest_api_logger.INFO: Parameter version is not present in the request [] []
[2016-10-17 20:12:52] snmp_rest_api_logger.INFO: Missing mandatory parameter [] []
[2016-10-18 01:54:49] snmp_rest_api_logger.INFO: Parameter oid is not present in the request [] []
[2016-10-18 01:54:49] snmp_rest_api_logger.INFO: Missing mandatory parameter [] []
[2016-10-18 01:56:35] snmp_rest_api_logger.INFO: Parameter oid is not present in the request [] []
[2016-10-18 01:56:35] snmp_rest_api_logger.INFO: Missing mandatory parameter [] []
[2016-10-18 01:57:13] snmp_rest_api_logger.INFO: Parameter oid is not present in the request [] []
[2016-10-18 01:57:13] snmp_rest_api_logger.INFO: Missing mandatory parameter [] []
[2016-10-18 01:59:02] snmp_rest_api_logger.INFO: Parameter oid is not present in the request [] []
[2016-10-18 01:59:02] snmp_rest_api_logger.INFO: Missing mandatory parameter [] []
[2016-10-18 02:02:10] snmp_rest_api_logger.INFO: Parameter oid is not present in the request [] []
[2016-10-18 02:02:10] snmp_rest_api_logger.INFO: Missing mandatory parameter [] []
[2016-10-18 02:02:10] snmp_rest_api_logger.INFO: Parameter version is not present in the request [] []
[2016-10-18 02:02:10] snmp_rest_api_logger.INFO: Missing mandatory parameter [] []
[2016-10-18 02:03:30] snmp_rest_api_logger.INFO: Parameter oid is not present in the request [] []
[2016-10-18 02:03:30] snmp_rest_api_logger.INFO: Missing mandatory parameter [] []
[2016-10-18 02:03:30] snmp_rest_api_logger.INFO: Parameter version is not present in the request [] []
[2016-10-18 02:03:30] snmp_rest_api_logger.INFO: Missing mandatory parameter [] []
[2016-10-18 02:04:05] snmp_rest_api_logger.INFO: Parameter oid is not present in the request [] []
[2016-10-18 02:04:05] snmp_rest_api_logger.INFO: Missing mandatory parameter [] []
[2016-10-18 02:04:05] snmp_rest_api_logger.INFO: Parameter version is not present in the request [] []
[2016-10-18 02:04:05] snmp_rest_api_logger.INFO: Missing mandatory parameter [] []
[2016-10-18 02:05:58] snmp_rest_api_logger.INFO: Parameter oid is not present in the request [] []
[2016-10-18 02:05:58] snmp_rest_api_logger.INFO: Missing mandatory parameter [] []
[2016-10-18 02:05:58] snmp_rest_api_logger.INFO: Parameter version is not present in the request [] []
[2016-10-18 02:05:58] snmp_rest_api_logger.INFO: Missing mandatory parameter [] []
[2016-10-18 02:07:05] snmp_rest_api_logger.INFO: Parameter oid is not present in the request [] []
[2016-10-18 02:07:05] snmp_rest_api_logger.INFO: Missing mandatory parameter [] []
[2016-10-18 02:07:43] snmp_rest_api_logger.INFO: Parameter oid is not present in the request [] []
[2016-10-18 02:07:43] snmp_rest_api_logger.INFO: Missing mandatory parameter [] []
[2016-10-18 02:07:43] snmp_rest_api_logger.INFO: Parameter version is not present in the request [] []
[2016-10-18 02:07:43] snmp_rest_api_logger.INFO: Missing mandatory parameter [] []
[2016-10-18 02:08:33] snmp_rest_api_logger.INFO: Parameter oid is not present in the request [] []
[2016-10-18 02:08:33] snmp_rest_api_logger.INFO: Missing mandatory parameter [] []
[2016-10-18 02:08:33] snmp_rest_api_logger.INFO: Parameter version is not present in the request [] []
[2016-10-18 02:08:33] snmp_rest_api_logger.INFO: Missing mandatory parameter [] []
[2016-10-18 02:08:48] snmp_rest_api_logger.INFO: Parameter oid is not present in the request [] []
[2016-10-18 02:08:48] snmp_rest_api_logger.INFO: Missing mandatory parameter [] []
[2016-10-18 02:08:48] snmp_rest_api_logger.INFO: Parameter version is not present in the request [] []
[2016-10-18 02:08:48] snmp_rest_api_logger.INFO: Missing mandatory parameter [] []
[2016-10-18 02:11:47] snmp_rest_api_logger.INFO: Parameter oid is not present in the request [] []
[2016-10-18 02:11:47] snmp_rest_api_logger.INFO: Missing mandatory parameter [] []
[2016-10-18 02:11:47] snmp_rest_api_logger.INFO: Parameter version is not present in the request [] []
[2016-10-18 02:11:47] snmp_rest_api_logger.INFO: Missing mandatory parameter [] []
[2016-10-18 23:50:04] snmp_rest_api_logger.INFO: Parameter oid is not present in the request [] []
[2016-10-18 23:50:04] snmp_rest_api_logger.INFO: Missing mandatory parameter [] []
[2016-10-18 23:50:05] snmp_rest_api_logger.INFO: Parameter version is not present in the request [] []
[2016-10-18 23:50:05] snmp_rest_api_logger.INFO: Missing mandatory parameter [] []
[2016-10-19 00:12:52] snmp_rest_api_logger.INFO: Parameter oid is not present in the request [] []
[2016-10-19 00:12:52] snmp_rest_api_logger.INFO: Missing mandatory parameter [] []
[2016-10-19 00:12:52] snmp_rest_api_logger.INFO: Parameter version is not present in the request [] []
[2016-10-19 00:12:52] snmp_rest_api_logger.INFO: Missing mandatory parameter [] []
[2016-10-19 00:13:24] snmp_rest_api_logger.INFO: Parameter oid is not present in the request [] []
[2016-10-19 00:13:24] snmp_rest_api_logger.INFO: Missing mandatory parameter [] []
[2016-10-19 00:14:02] snmp_rest_api_logger.INFO: Parameter oid is not present in the request [] []
[2016-10-19 00:14:02] snmp_rest_api_logger.INFO: Missing mandatory parameter [] []
[2016-10-19 00:15:35] snmp_rest_api_logger.INFO: Parameter oid is not present in the request [] []
[2016-10-19 00:15:35] snmp_rest_api_logger.INFO: Missing mandatory parameter [] []
[2016-10-19 00:15:35] snmp_rest_api_logger.INFO: Parameter version is not present in the request [] []
[2016-10-19 00:15:35] snmp_rest_api_logger.INFO: Missing mandatory parameter [] []
[2016-10-19 00:17:38] snmp_rest_api_logger.INFO: Parameter version is not present in the request [] []
[2016-10-19 00:17:38] snmp_rest_api_logger.INFO: Missing mandatory parameter [] []
[2016-10-19 00:19:43] snmp_rest_api_logger.INFO: Parameter hostname is not present in the request [] []
[2016-10-19 00:19:43] snmp_rest_api_logger.INFO: Missing mandatory parameter [] []
[2016-10-19 00:22:22] snmp_rest_api_logger.INFO: Parameter oid is not present in the request [] []
[2016-10-19 00:22:22] snmp_rest_api_logger.INFO: Missing mandatory parameter [] []
[2016-10-19 00:22:22] snmp_rest_api_logger.INFO: Parameter version is not present in the request [] []
[2016-10-19 00:22:22] snmp_rest_api_logger.INFO: Missing mandatory parameter [] []
[2016-10-19 00:22:38] snmp_rest_api_logger.INFO: Parameter oid is not present in the request [] []
[2016-10-19 00:22:38] snmp_rest_api_logger.INFO: Missing mandatory parameter [] []
[2016-10-19 00:22:38] snmp_rest_api_logger.INFO: Parameter version is not present in the request [] []
[2016-10-19 00:22:38] snmp_rest_api_logger.INFO: Missing mandatory parameter [] []
[2016-10-19 00:22:56] snmp_rest_api_logger.INFO: Parameter oid is not present in the request [] []
[2016-10-19 00:22:56] snmp_rest_api_logger.INFO: Missing mandatory parameter [] []
[2016-10-19 00:22:56] snmp_rest_api_logger.INFO: Parameter version is not present in the request [] []
[2016-10-19 00:22:56] snmp_rest_api_logger.INFO: Missing mandatory parameter [] []
[2016-10-19 00:23:59] snmp_rest_api_logger.INFO: Parameter oid is not present in the request [] []
[2016-10-19 00:23:59] snmp_rest_api_logger.INFO: Missing mandatory parameter [] []
[2016-10-19 00:23:59] snmp_rest_api_logger.INFO: Parameter version is not present in the request [] []
[2016-10-19 00:23:59] snmp_rest_api_logger.INFO: Missing mandatory parameter [] []
[2016-10-19 00:32:24] snmp_rest_api_logger.INFO: Parameter oid is not present in the request [] []
[2016-10-19 00:32:24] snmp_rest_api_logger.INFO: Missing mandatory parameter [] []
[2016-10-19 00:35:22] snmp_rest_api_logger.INFO: Parameter oid is not present in the request [] []
[2016-10-19 00:35:22] snmp_rest_api_logger.INFO: Missing mandatory parameter [] []
[2016-10-19 00:37:54] snmp_rest_api_logger.INFO: Parameter oid is not present in the request [] []
[2016-10-19 00:37:54] snmp_rest_api_logger.INFO: Missing mandatory parameter [] []
[2016-10-19 00:40:05] snmp_rest_api_logger.INFO: Parameter oid is not present in the request [] []
[2016-10-19 00:40:05] snmp_rest_api_logger.INFO: Missing mandatory parameter [] []
[2016-10-19 00:40:21] snmp_rest_api_logger.INFO: Parameter oid is not present in the request [] []
[2016-10-19 00:40:21] snmp_rest_api_logger.INFO: Missing mandatory parameter [] []
[2016-10-19 00:40:39] snmp_rest_api_logger.INFO: Parameter oid is not present in the request [] []
[2016-10-19 00:40:39] snmp_rest_api_logger.INFO: Missing mandatory parameter [] []
[2016-10-19 00:41:29] snmp_rest_api_logger.INFO: Parameter oid is not present in the request [] []
[2016-10-19 00:41:29] snmp_rest_api_logger.INFO: Missing mandatory parameter [] []
[2016-10-19 00:42:19] snmp_rest_api_logger.INFO: Parameter oid is not present in the request [] []
[2016-10-19 00:42:19] snmp_rest_api_logger.INFO: Missing mandatory parameter [] []
[2016-10-19 00:42:58] snmp_rest_api_logger.INFO: Parameter oid is not present in the request [] []
[2016-10-19 00:42:58] snmp_rest_api_logger.INFO: Missing mandatory parameter [] []
[2016-10-19 01:06:03] snmp_rest_api_logger.INFO: Parameter oid is not present in the request [] []
[2016-10-19 01:07:34] snmp_rest_api_logger.ERROR: Parameter oid is not present in the request [] []
[2016-10-19 01:17:14] snmp_rest_api_logger.ERROR: Parameter oid is not present in the request [] []
[2016-10-19 01:22:50] snmp_rest_api_logger.ERROR: Parameter oid is not present in the request [] []
[2016-10-19 01:23:16] snmp_rest_api_logger.ERROR: Parameter oid is not present in the request [] []
[2016-10-19 01:24:50] snmp_rest_api_logger.ERROR: Parameter oid is not present in the request [] []
[2016-10-19 01:27:52] snmp_rest_api_logger.ERROR: Parameter oid is not present in the request [] []
[2016-10-19 01:28:16] snmp_rest_api_logger.ERROR: Parameter oid is not present in the request [] []
[2016-10-19 01:28:36] snmp_rest_api_logger.ERROR: Parameter oid is not present in the request [] []
[2016-10-19 01:28:45] snmp_rest_api_logger.ERROR: Parameter oid is not present in the request [] []
[2016-10-19 01:30:24] snmp_rest_api_logger.ERROR: Parameter oid is not present in the request [] []
[2016-10-19 01:30:52] snmp_rest_api_logger.ERROR: Parameter oid is not present in the request [] []
[2016-10-19 01:32:35] snmp_rest_api_logger.ERROR: Parameter oid is not present in the request [] []
[2016-10-19 01:32:53] snmp_rest_api_logger.ERROR: Parameter oid is not present in the request [] []
[2016-10-19 01:33:57] snmp_rest_api_logger.ERROR: Parameter oid is not present in the request [] []
[2016-10-19 01:35:18] snmp_rest_api_logger.ERROR: Parameter oid is not present in the request [] []
[2016-10-19 01:36:45] snmp_rest_api_logger.ERROR: Parameter oid is not present in the request [] []
[2016-10-19 01:39:39] snmp_rest_api_logger.ERROR: Parameter oid is not present in the request [] []
[2016-10-19 01:40:09] snmp_rest_api_logger.ERROR: Parameter oid is not present in the request [] []
[2016-10-19 01:40:57] snmp_rest_api_logger.ERROR: Parameter oid is not present in the request [] []
[2016-10-19 01:42:06] snmp_rest_api_logger.ERROR: Parameter oid is not present in the request [] []
[2016-10-19 01:45:47] snmp_rest_api_logger.ERROR: Parameter oid is not present in the request [] []
[2016-10-19 01:46:28] snmp_rest_api_logger.ERROR: Parameter oid is not present in the request [] []
[2016-10-19 01:46:46] snmp_rest_api_logger.ERROR: Parameter oid is not present in the request [] []
[2016-10-19 01:47:42] snmp_rest_api_logger.ERROR: Parameter oid is not present in the request [] []
[2016-10-19 01:48:06] snmp_rest_api_logger.ERROR: Parameter oid is not present in the request [] []
[2016-10-19 01:48:27] snmp_rest_api_logger.ERROR: Parameter oid is not present in the request [] []
[2016-10-19 01:48:43] snmp_rest_api_logger.ERROR: Parameter oid is not present in the request [] []
[2016-10-19 01:48:52] snmp_rest_api_logger.ERROR: Parameter oid is not present in the request [] []
[2016-10-19 01:49:38] snmp_rest_api_logger.ERROR: Parameter oid is not present in the request [] []
[2016-10-19 01:52:47] snmp_rest_api_logger.ERROR: Parameter oid is not present in the request [] []
[2016-10-19 01:52:47] snmp_rest_api_logger.DEBUG: llego [] []
[2016-10-19 01:53:21] snmp_rest_api_logger.ERROR: Parameter oid is not present in the request [] []
[2016-10-19 01:53:21] snmp_rest_api_logger.DEBUG: false [] []
[2016-10-19 01:54:44] snmp_rest_api_logger.ERROR: Parameter oid is not present in the request [] []
[2016-10-19 01:54:44] snmp_rest_api_logger.DEBUG: false [] []
[2016-10-19 01:55:07] snmp_rest_api_logger.ERROR: Parameter oid is not present in the request [] []
[2016-10-19 01:55:07] snmp_rest_api_logger.DEBUG: false [] []
[2016-10-19 01:55:31] snmp_rest_api_logger.ERROR: Parameter oid is not present in the request [] []
[2016-10-19 01:55:31] snmp_rest_api_logger.DEBUG: 4 [] []
[2016-10-19 01:57:29] snmp_rest_api_logger.ERROR: Parameter oid is not present in the request [] []
[2016-10-19 01:57:29] snmp_rest_api_logger.DEBUG: "No response from 127.0.0.1" [] []
[2016-10-19 01:58:01] snmp_rest_api_logger.ERROR: Parameter oid is not present in the request [] []
[2016-10-19 01:58:24] snmp_rest_api_logger.ERROR: Parameter oid is not present in the request [] []
[2016-10-19 01:58:56] snmp_rest_api_logger.ERROR: Parameter oid is not present in the request [] []
[2016-10-19 01:59:56] snmp_rest_api_logger.ERROR: Parameter oid is not present in the request [] []
[2016-10-19 02:01:13] snmp_rest_api_logger.ERROR: Parameter oid is not present in the request [] []
[2016-10-19 02:01:24] snmp_rest_api_logger.ERROR: Parameter oid is not present in the request [] []
[2016-10-19 02:20:57] snmp_rest_api_logger.ERROR: Parameter oid is not present in the request [] []
[2016-10-19 02:21:18] snmp_rest_api_logger.ERROR: Parameter oid is not present in the request [] []
[2016-10-19 02:22:51] snmp_rest_api_logger.ERROR: Parameter oid is not present in the request [] []
[2016-10-19 02:22:59] snmp_rest_api_logger.ERROR: Parameter oid is not present in the request [] []
[2016-10-19 02:22:59] snmp_rest_api_logger.DEBUG:  [] []
[2016-10-19 02:22:59] snmp_rest_api_logger.DEBUG:  [] []
[2016-10-19 02:23:49] snmp_rest_api_logger.ERROR: Parameter oid is not present in the request [] []
[2016-10-19 02:23:49] snmp_rest_api_logger.DEBUG: Array [] []
[2016-10-19 02:23:49] snmp_rest_api_logger.DEBUG: Array [] []
[2016-10-19 02:24:11] snmp_rest_api_logger.ERROR: Parameter oid is not present in the request [] []
[2016-10-19 02:24:11] snmp_rest_api_logger.DEBUG: Array (     [0] => Get     [1] => 1     [2] => localhost     [3] => system.sysUpTime.0     [4] => default )  [] []
[2016-10-19 02:24:11] snmp_rest_api_logger.DEBUG: Array (     [0] => Get     [1] => 2C     [2] => localhost     [3] => system.sysUpTime.0     [4] => default )  [] []
[2016-10-19 02:24:35] snmp_rest_api_logger.ERROR: Parameter oid is not present in the request [] []
[2016-10-19 02:24:35] snmp_rest_api_logger.DEBUG: 5 [] []
[2016-10-19 02:24:35] snmp_rest_api_logger.DEBUG: 5 [] []
[2016-10-19 02:27:54] snmp_rest_api_logger.ERROR: Parameter oid is not present in the request [] []
[2016-10-19 02:29:13] snmp_rest_api_logger.ERROR: Parameter oid is not present in the request [] []
[2016-10-19 02:29:40] snmp_rest_api_logger.ERROR: Parameter oid is not present in the request [] []
[2016-10-19 02:30:06] snmp_rest_api_logger.ERROR: Parameter oid is not present in the request [] []
[2016-10-19 02:30:26] snmp_rest_api_logger.ERROR: Parameter oid is not present in the request [] []
[2016-10-19 02:31:33] snmp_rest_api_logger.DEBUG: al switch llega en 0 [] []
[2016-10-19 02:31:33] snmp_rest_api_logger.DEBUG: al switch llega en 1 [] []
[2016-10-19 02:31:33] snmp_rest_api_logger.DEBUG: al switch llega en 2 [] []
[2016-10-19 02:31:33] snmp_rest_api_logger.ERROR: Parameter oid is not present in the request [] []
[2016-10-19 02:31:33] snmp_rest_api_logger.DEBUG: al switch llega en 0 [] []
[2016-10-19 02:31:33] snmp_rest_api_logger.DEBUG: al switch llega en 1 [] []
[2016-10-19 02:31:33] snmp_rest_api_logger.DEBUG: al switch llega en 2 [] []
[2016-10-19 02:31:33] snmp_rest_api_logger.DEBUG: al switch llega en 3 [] []
[2016-10-19 02:31:33] snmp_rest_api_logger.DEBUG: al switch llega en 4 [] []
[2016-10-19 02:31:33] snmp_rest_api_logger.DEBUG: al switch llega en 0 [] []
[2016-10-19 02:31:33] snmp_rest_api_logger.DEBUG: al switch llega en 1 [] []
[2016-10-19 02:31:33] snmp_rest_api_logger.DEBUG: al switch llega en 2 [] []
[2016-10-19 02:31:33] snmp_rest_api_logger.DEBUG: al switch llega en 3 [] []
[2016-10-19 02:31:33] snmp_rest_api_logger.DEBUG: al switch llega en 4 [] []
[2016-10-19 02:31:57] snmp_rest_api_logger.ERROR: Parameter oid is not present in the request [] []
[2016-10-19 02:31:57] snmp_rest_api_logger.DEBUG: entro a para ejecutar Get [] []
[2016-10-19 02:31:57] snmp_rest_api_logger.DEBUG: entro a para ejecutar Get [] []
[2016-10-19 02:32:29] snmp_rest_api_logger.ERROR: Parameter oid is not present in the request [] []
[2016-10-19 02:32:40] snmp_rest_api_logger.ERROR: Parameter oid is not present in the request [] []
[2016-10-19 02:33:05] snmp_rest_api_logger.ERROR: Parameter oid is not present in the request [] []
[2016-10-19 02:33:55] snmp_rest_api_logger.ERROR: Parameter oid is not present in the request [] []
[2016-10-19 02:34:39] snmp_rest_api_logger.ERROR: Parameter oid is not present in the request [] []
[2016-10-19 02:35:27] snmp_rest_api_logger.ERROR: Parameter oid is not present in the request [] []
[2016-10-19 02:35:41] snmp_rest_api_logger.ERROR: Parameter oid is not present in the request [] []
[2016-10-19 02:37:01] snmp_rest_api_logger.ERROR: Parameter oid is not present in the request [] []
[2016-10-19 02:38:22] snmp_rest_api_logger.ERROR: Parameter oid is not present in the request [] []
[2016-10-19 02:38:58] snmp_rest_api_logger.ERROR: Parameter oid is not present in the request [] []
[2016-10-19 02:39:20] snmp_rest_api_logger.ERROR: Parameter oid is not present in the request [] []
